2026-06-01 18:11:10 | INFO    | __main__ | Logging to: logs/bot_sim_20260601_181110.log
2026-06-01 18:11:13 | INFO    | patches.gamma_markets | ================================================================================
2026-06-01 18:11:13 | INFO    | patches.gamma_markets | Applying Polymarket Gamma-API patches (loguru-instrumented)
2026-06-01 18:11:13 | INFO    | patches.gamma_markets |   platform: win32  using_httpx_fallback: True
2026-06-01 18:11:13 | INFO    | patches.gamma_markets | ================================================================================
2026-06-01 18:11:13 | INFO    | patches.gamma_markets | [gamma] patched build_markets_query (array params)
2026-06-01 18:11:13 | INFO    | patches.gamma_markets | [gamma] patched PolymarketInstrumentProvider.load_all_async
2026-06-01 18:11:13 | INFO    | patches.gamma_markets | [gamma] patched PolymarketDataLoader._fetch_event_by_slug (Windows-safe httpx)
2026-06-01 18:11:13 | INFO    | patches.gamma_markets | ================================================================================
2026-06-01 18:11:13 | INFO    | patches.gamma_markets | [gamma] all patches applied successfully
2026-06-01 18:11:13 | INFO    | patches.gamma_markets | ================================================================================
2026-06-01 18:11:13 | INFO    | patches.gamma_markets | [gamma] verify: build_markets_query slug is list: True
2026-06-01 18:11:13 | INFO    | patches.gamma_markets | [gamma] verify: load_all_async is patched: True
2026-06-01 18:11:13 | INFO    | __main__ | Starting bot: simulation=False test_mode=False grafana=True
2026-06-01 18:11:27 | WARNING | bot.runner | Redis connection failed: Error 10061 connecting to localhost:6379. No connection could be made because the target machine actively refused it.
2026-06-01 18:11:27 | WARNING | bot.runner | Simulation mode will be static (from .env)
2026-06-01 18:11:27 | INFO    | bot.runner | ================================================================================
2026-06-01 18:11:27 | INFO    | bot.runner | LOADING BTC 15-MIN MARKETS BY SLUG
2026-06-01 18:11:27 | INFO    | bot.runner |   Interval start: 1780351200 | Count: 98
2026-06-01 18:11:27 | INFO    | bot.runner |   First: btc-updown-15m-1780350300  Last: btc-updown-15m-1780437600
2026-06-01 18:11:27 | INFO    | bot.runner | ================================================================================
2026-06-01 18:11:27 | INFO    | bot.runner | Polymarket wallet config: signature_type=2 (POLY_GNOSIS_SAFE)
2026-06-01 18:11:27 | INFO    | bot.runner |   Funder (USDC holder): 0x23342a623A760cf11cFdc1736f8B05cf7A70A3F4
2026-06-01 18:11:27 | INFO    | core.strategy.processors.spike | Initialized Spike Detector: deviation=12.0%, velocity=3.0%, lookback=20
2026-06-01 18:11:27 | INFO    | core.strategy.processors.sentiment | Initialized Sentiment Processor: fear<25, greed>75
2026-06-01 18:11:27 | INFO    | core.strategy.processors.divergence | Initialized Price Divergence Processor: momentum=0.3%, extreme_fade=68%/32%
2026-06-01 18:11:27 | INFO    | core.strategy.processors.orderbook | Initialized OrderBook Processor: imbalance=30%, wall=20%, min_vol=$50
2026-06-01 18:11:27 | INFO    | core.strategy.processors.tick_velocity | Initialized Tick Velocity Processor: 60s=1.5%, 30s=1.0%
2026-06-01 18:11:27 | INFO    | core.strategy.processors.deribit_pcr | Initialized Deribit PCR Processor: bullish>1.2, bearish<0.7, max_dte=2d
2026-06-01 18:11:27 | INFO    | core.strategy.processors.liquidation | Initialized Liquidation Processor: window=60s, min=$0.5M, imbalance=65%
2026-06-01 18:11:27 | INFO    | core.strategy.processors.funding_oi | Initialized Funding+OI Processor: bullish<-0.0300%, bearish>0.0500%
2026-06-01 18:11:27 | INFO    | core.strategy.processors.cvd_orderbook | Initialized CVD+OrderBook Processor: window=900s, cvd_threshold=$5M
2026-06-01 18:11:27 | INFO    | core.strategy.processors.ohlcv_momentum | Initialized OHLCV Momentum Processor: RSI(32.0/68.0), BB(0.15/0.85)
2026-06-01 18:11:27 | INFO    | core.strategy.fusion | Initialized Signal Fusion Engine
2026-06-01 18:11:27 | INFO    | core.strategy.fusion | Default weights: {'OHLCVMomentum': 0.25, 'CVDOrderBook': 0.2, 'TickVelocity': 0.15, 'SpikeDetection': 0.15, 'PriceDivergence': 0.1, 'SentimentAnalysis': 0.08, 'FundingRateOI': 0.07, 'default': 0.05}
2026-06-01 18:11:27 | INFO    | core.strategy.fusion | Set weight for OHLCVMomentum: 0.35
2026-06-01 18:11:27 | INFO    | core.strategy.fusion | Set weight for TickVelocity: 0.30
2026-06-01 18:11:27 | INFO    | core.strategy.fusion | Set weight for CVDOrderBook: 0.25
2026-06-01 18:11:27 | INFO    | core.strategy.fusion | Set weight for OrderBookImbalance: 0.25
2026-06-01 18:11:27 | INFO    | core.strategy.fusion | Set weight for Liquidations: 0.20
2026-06-01 18:11:27 | INFO    | core.strategy.fusion | Set weight for SpikeDetection: 0.15
2026-06-01 18:11:27 | INFO    | core.strategy.fusion | Set weight for PriceDivergence: 0.12
2026-06-01 18:11:27 | INFO    | core.strategy.fusion | Set weight for FundingRateOI: 0.06
2026-06-01 18:11:27 | INFO    | core.strategy.fusion | Set weight for DeribitPCR: 0.05
2026-06-01 18:11:27 | INFO    | core.strategy.fusion | Set weight for SentimentAnalysis: 0.03
2026-06-01 18:11:27 | INFO    | execution.risk_engine | Initialized Risk Engine: balance=$100.00, max_position=$1.00, max_exposure=$10.00, max_daily_loss=$25.00, max_drawdown=15%
2026-06-01 18:11:27 | INFO    | monitoring.performance_tracker | Initialized Performance Tracker (capital=$1000.0)
2026-06-01 18:11:27 | INFO    | feedback.learning_engine | Initialized Learning Engine (learning_rate=0.1, min_trades=10)
2026-06-01 18:11:27 | INFO    | core.strategy.ml_engine | Initialized ML Prediction Engine: samples=9, active=False, min_edge=7%
2026-06-01 18:11:29 | INFO    | core.settlement.tracker | SettlementTracker: connected to Chainlink feed (decimals=8)
2026-06-01 18:11:29 | INFO    | core.recording.signal_recorder | SignalRecorder initialised (db=signal_recordings.db)
2026-06-01 18:11:29 | INFO    | bot.strategy | ML edge gate: bet only when |p_up - poly_price| >= 7% (active once ML has 200 samples; currently 9)
2026-06-01 18:11:29 | INFO    | execution.execution_engine | Initialized Execution Engine [DRY RUN]
2026-06-01 18:11:29 | INFO    | monitoring.metrics_exporter | Prometheus metrics initialised — %d metric families registered
2026-06-01 18:11:29 | INFO    | monitoring.metrics_exporter | Initialized Grafana Metrics Exporter (port 8000)
2026-06-01 18:11:29 | INFO    | bot.strategy | ================================================================================
2026-06-01 18:11:29 | INFO    | bot.strategy | INTEGRATED BTC STRATEGY INITIALIZED
2026-06-01 18:11:29 | INFO    | bot.strategy |   All signal processors ready
2026-06-01 18:11:29 | INFO    | bot.strategy |   Risk engine ready
2026-06-01 18:11:29 | INFO    | bot.strategy |   ML engine ready
2026-06-01 18:11:29 | INFO    | bot.strategy |   $1 per trade maximum
2026-06-01 18:11:29 | INFO    | bot.strategy | ================================================================================
2026-06-01 18:11:29 | INFO    | bot.runner | Nautilus node built successfully
2026-06-01 18:11:31 | INFO    | bot.strategy | ================================================================================
2026-06-01 18:11:31 | INFO    | bot.strategy | INTEGRATED BTC STRATEGY STARTED
2026-06-01 18:11:31 | INFO    | bot.strategy | ================================================================================
2026-06-01 18:11:32 | INFO    | bot.strategy | Direct Gamma load: 97 markets parsed, 194 instruments added to cache, 0 errors.
2026-06-01 18:11:32 | INFO    | bot.strategy | Cache empty but providers hold 194 instruments; added 194 to strategy cache.
2026-06-01 18:11:32 | INFO    | bot.strategy | Loading BTC instruments from 194 total...
2026-06-01 18:11:32 | INFO    | bot.strategy | ================================================================================
2026-06-01 18:11:32 | INFO    | bot.strategy | FOUND 97 BTC 15-MIN MARKETS:
2026-06-01 18:11:32 | INFO    | bot.strategy |   [0] btc-updown-15m-1780351200: ACTIVE [YN] (starts 22:00:00, ends 22:15:00)
2026-06-01 18:11:32 | INFO    | bot.strategy |   [1] btc-updown-15m-1780352100: FUTURE [YN] (starts 22:15:00, ends 22:30:00)
2026-06-01 18:11:32 | INFO    | bot.strategy |   [2] btc-updown-15m-1780353000: FUTURE [YN] (starts 22:30:00, ends 22:45:00)
2026-06-01 18:11:32 | INFO    | bot.strategy |   [3] btc-updown-15m-1780353900: FUTURE [YN] (starts 22:45:00, ends 23:00:00)
2026-06-01 18:11:32 | INFO    | bot.strategy |   [4] btc-updown-15m-1780354800: FUTURE [YN] (starts 23:00:00, ends 23:15:00)
2026-06-01 18:11:32 | INFO    | bot.strategy |   [5] btc-updown-15m-1780355700: FUTURE [YN] (starts 23:15:00, ends 23:30:00)
2026-06-01 18:11:32 | INFO    | bot.strategy |   [6] btc-updown-15m-1780356600: FUTURE [YN] (starts 23:30:00, ends 23:45:00)
2026-06-01 18:11:32 | INFO    | bot.strategy |   [7] btc-updown-15m-1780357500: FUTURE [YN] (starts 23:45:00, ends 00:00:00)
2026-06-01 18:11:32 | INFO    | bot.strategy |   [8] btc-updown-15m-1780358400: FUTURE [YN] (starts 00:00:00, ends 00:15:00)
2026-06-01 18:11:32 | INFO    | bot.strategy |   [9] btc-updown-15m-1780359300: FUTURE [YN] (starts 00:15:00, ends 00:30:00)
2026-06-01 18:11:32 | INFO    | bot.strategy |   [10] btc-updown-15m-1780360200: FUTURE [YN] (starts 00:30:00, ends 00:45:00)
2026-06-01 18:11:32 | INFO    | bot.strategy |   [11] btc-updown-15m-1780361100: FUTURE [YN] (starts 00:45:00, ends 01:00:00)
2026-06-01 18:11:32 | INFO    | bot.strategy |   [12] btc-updown-15m-1780362000: FUTURE [YN] (starts 01:00:00, ends 01:15:00)
2026-06-01 18:11:32 | INFO    | bot.strategy |   [13] btc-updown-15m-1780362900: FUTURE [YN] (starts 01:15:00, ends 01:30:00)
2026-06-01 18:11:32 | INFO    | bot.strategy |   [14] btc-updown-15m-1780363800: FUTURE [YN] (starts 01:30:00, ends 01:45:00)
2026-06-01 18:11:32 | INFO    | bot.strategy |   [15] btc-updown-15m-1780364700: FUTURE [YN] (starts 01:45:00, ends 02:00:00)
2026-06-01 18:11:32 | INFO    | bot.strategy |   [16] btc-updown-15m-1780365600: FUTURE [YN] (starts 02:00:00, ends 02:15:00)
2026-06-01 18:11:32 | INFO    | bot.strategy |   [17] btc-updown-15m-1780366500: FUTURE [YN] (starts 02:15:00, ends 02:30:00)
2026-06-01 18:11:32 | INFO    | bot.strategy |   [18] btc-updown-15m-1780367400: FUTURE [YN] (starts 02:30:00, ends 02:45:00)
2026-06-01 18:11:32 | INFO    | bot.strategy |   [19] btc-updown-15m-1780368300: FUTURE [YN] (starts 02:45:00, ends 03:00:00)
2026-06-01 18:11:32 | INFO    | bot.strategy |   [20] btc-updown-15m-1780369200: FUTURE [YN] (starts 03:00:00, ends 03:15:00)
2026-06-01 18:11:32 | INFO    | bot.strategy |   [21] btc-updown-15m-1780370100: FUTURE [YN] (starts 03:15:00, ends 03:30:00)
2026-06-01 18:11:32 | INFO    | bot.strategy |   [22] btc-updown-15m-1780371000: FUTURE [YN] (starts 03:30:00, ends 03:45:00)
2026-06-01 18:11:32 | INFO    | bot.strategy |   [23] btc-updown-15m-1780371900: FUTURE [YN] (starts 03:45:00, ends 04:00:00)
2026-06-01 18:11:32 | INFO    | bot.strategy |   [24] btc-updown-15m-1780372800: FUTURE [YN] (starts 04:00:00, ends 04:15:00)
2026-06-01 18:11:32 | INFO    | bot.strategy |   [25] btc-updown-15m-1780373700: FUTURE [YN] (starts 04:15:00, ends 04:30:00)
2026-06-01 18:11:32 | INFO    | bot.strategy |   [26] btc-updown-15m-1780374600: FUTURE [YN] (starts 04:30:00, ends 04:45:00)
2026-06-01 18:11:32 | INFO    | bot.strategy |   [27] btc-updown-15m-1780375500: FUTURE [YN] (starts 04:45:00, ends 05:00:00)
2026-06-01 18:11:32 | INFO    | bot.strategy |   [28] btc-updown-15m-1780376400: FUTURE [YN] (starts 05:00:00, ends 05:15:00)
2026-06-01 18:11:32 | INFO    | bot.strategy |   [29] btc-updown-15m-1780377300: FUTURE [YN] (starts 05:15:00, ends 05:30:00)
2026-06-01 18:11:32 | INFO    | bot.strategy |   [30] btc-updown-15m-1780378200: FUTURE [YN] (starts 05:30:00, ends 05:45:00)
2026-06-01 18:11:32 | INFO    | bot.strategy |   [31] btc-updown-15m-1780379100: FUTURE [YN] (starts 05:45:00, ends 06:00:00)
2026-06-01 18:11:32 | INFO    | bot.strategy |   [32] btc-updown-15m-1780380000: FUTURE [YN] (starts 06:00:00, ends 06:15:00)
2026-06-01 18:11:32 | INFO    | bot.strategy |   [33] btc-updown-15m-1780380900: FUTURE [YN] (starts 06:15:00, ends 06:30:00)
2026-06-01 18:11:32 | INFO    | bot.strategy |   [34] btc-updown-15m-1780381800: FUTURE [YN] (starts 06:30:00, ends 06:45:00)
2026-06-01 18:11:32 | INFO    | bot.strategy |   [35] btc-updown-15m-1780382700: FUTURE [YN] (starts 06:45:00, ends 07:00:00)
2026-06-01 18:11:32 | INFO    | bot.strategy |   [36] btc-updown-15m-1780383600: FUTURE [YN] (starts 07:00:00, ends 07:15:00)
2026-06-01 18:11:32 | INFO    | bot.strategy |   [37] btc-updown-15m-1780384500: FUTURE [YN] (starts 07:15:00, ends 07:30:00)
2026-06-01 18:11:32 | INFO    | bot.strategy |   [38] btc-updown-15m-1780385400: FUTURE [YN] (starts 07:30:00, ends 07:45:00)
2026-06-01 18:11:32 | INFO    | bot.strategy |   [39] btc-updown-15m-1780386300: FUTURE [YN] (starts 07:45:00, ends 08:00:00)
2026-06-01 18:11:32 | INFO    | bot.strategy |   [40] btc-updown-15m-1780387200: FUTURE [YN] (starts 08:00:00, ends 08:15:00)
2026-06-01 18:11:32 | INFO    | bot.strategy |   [41] btc-updown-15m-1780388100: FUTURE [YN] (starts 08:15:00, ends 08:30:00)
2026-06-01 18:11:32 | INFO    | bot.strategy |   [42] btc-updown-15m-1780389000: FUTURE [YN] (starts 08:30:00, ends 08:45:00)
2026-06-01 18:11:32 | INFO    | bot.strategy |   [43] btc-updown-15m-1780389900: FUTURE [YN] (starts 08:45:00, ends 09:00:00)
2026-06-01 18:11:32 | INFO    | bot.strategy |   [44] btc-updown-15m-1780390800: FUTURE [YN] (starts 09:00:00, ends 09:15:00)
2026-06-01 18:11:32 | INFO    | bot.strategy |   [45] btc-updown-15m-1780391700: FUTURE [YN] (starts 09:15:00, ends 09:30:00)
2026-06-01 18:11:32 | INFO    | bot.strategy |   [46] btc-updown-15m-1780392600: FUTURE [YN] (starts 09:30:00, ends 09:45:00)
2026-06-01 18:11:32 | INFO    | bot.strategy |   [47] btc-updown-15m-1780393500: FUTURE [YN] (starts 09:45:00, ends 10:00:00)
2026-06-01 18:11:32 | INFO    | bot.strategy |   [48] btc-updown-15m-1780394400: FUTURE [YN] (starts 10:00:00, ends 10:15:00)
2026-06-01 18:11:32 | INFO    | bot.strategy |   [49] btc-updown-15m-1780395300: FUTURE [YN] (starts 10:15:00, ends 10:30:00)
2026-06-01 18:11:32 | INFO    | bot.strategy |   [50] btc-updown-15m-1780396200: FUTURE [YN] (starts 10:30:00, ends 10:45:00)
2026-06-01 18:11:32 | INFO    | bot.strategy |   [51] btc-updown-15m-1780397100: FUTURE [YN] (starts 10:45:00, ends 11:00:00)
2026-06-01 18:11:32 | INFO    | bot.strategy |   [52] btc-updown-15m-1780398000: FUTURE [YN] (starts 11:00:00, ends 11:15:00)
2026-06-01 18:11:32 | INFO    | bot.strategy |   [53] btc-updown-15m-1780398900: FUTURE [YN] (starts 11:15:00, ends 11:30:00)
2026-06-01 18:11:32 | INFO    | bot.strategy |   [54] btc-updown-15m-1780399800: FUTURE [YN] (starts 11:30:00, ends 11:45:00)
2026-06-01 18:11:32 | INFO    | bot.strategy |   [55] btc-updown-15m-1780400700: FUTURE [YN] (starts 11:45:00, ends 12:00:00)
2026-06-01 18:11:32 | INFO    | bot.strategy |   [56] btc-updown-15m-1780401600: FUTURE [YN] (starts 12:00:00, ends 12:15:00)
2026-06-01 18:11:32 | INFO    | bot.strategy |   [57] btc-updown-15m-1780402500: FUTURE [YN] (starts 12:15:00, ends 12:30:00)
2026-06-01 18:11:32 | INFO    | bot.strategy |   [58] btc-updown-15m-1780403400: FUTURE [YN] (starts 12:30:00, ends 12:45:00)
2026-06-01 18:11:32 | INFO    | bot.strategy |   [59] btc-updown-15m-1780404300: FUTURE [YN] (starts 12:45:00, ends 13:00:00)
2026-06-01 18:11:32 | INFO    | bot.strategy |   [60] btc-updown-15m-1780405200: FUTURE [YN] (starts 13:00:00, ends 13:15:00)
2026-06-01 18:11:32 | INFO    | bot.strategy |   [61] btc-updown-15m-1780406100: FUTURE [YN] (starts 13:15:00, ends 13:30:00)
2026-06-01 18:11:32 | INFO    | bot.strategy |   [62] btc-updown-15m-1780407000: FUTURE [YN] (starts 13:30:00, ends 13:45:00)
2026-06-01 18:11:32 | INFO    | bot.strategy |   [63] btc-updown-15m-1780407900: FUTURE [YN] (starts 13:45:00, ends 14:00:00)
2026-06-01 18:11:32 | INFO    | bot.strategy |   [64] btc-updown-15m-1780408800: FUTURE [YN] (starts 14:00:00, ends 14:15:00)
2026-06-01 18:11:32 | INFO    | bot.strategy |   [65] btc-updown-15m-1780409700: FUTURE [YN] (starts 14:15:00, ends 14:30:00)
2026-06-01 18:11:32 | INFO    | bot.strategy |   [66] btc-updown-15m-1780410600: FUTURE [YN] (starts 14:30:00, ends 14:45:00)
2026-06-01 18:11:32 | INFO    | bot.strategy |   [67] btc-updown-15m-1780411500: FUTURE [YN] (starts 14:45:00, ends 15:00:00)
2026-06-01 18:11:32 | INFO    | bot.strategy |   [68] btc-updown-15m-1780412400: FUTURE [YN] (starts 15:00:00, ends 15:15:00)
2026-06-01 18:11:32 | INFO    | bot.strategy |   [69] btc-updown-15m-1780413300: FUTURE [YN] (starts 15:15:00, ends 15:30:00)
2026-06-01 18:11:32 | INFO    | bot.strategy |   [70] btc-updown-15m-1780414200: FUTURE [YN] (starts 15:30:00, ends 15:45:00)
2026-06-01 18:11:32 | INFO    | bot.strategy |   [71] btc-updown-15m-1780415100: FUTURE [YN] (starts 15:45:00, ends 16:00:00)
2026-06-01 18:11:32 | INFO    | bot.strategy |   [72] btc-updown-15m-1780416000: FUTURE [YN] (starts 16:00:00, ends 16:15:00)
2026-06-01 18:11:32 | INFO    | bot.strategy |   [73] btc-updown-15m-1780416900: FUTURE [YN] (starts 16:15:00, ends 16:30:00)
2026-06-01 18:11:32 | INFO    | bot.strategy |   [74] btc-updown-15m-1780417800: FUTURE [YN] (starts 16:30:00, ends 16:45:00)
2026-06-01 18:11:32 | INFO    | bot.strategy |   [75] btc-updown-15m-1780418700: FUTURE [YN] (starts 16:45:00, ends 17:00:00)
2026-06-01 18:11:32 | INFO    | bot.strategy |   [76] btc-updown-15m-1780419600: FUTURE [YN] (starts 17:00:00, ends 17:15:00)
2026-06-01 18:11:32 | INFO    | bot.strategy |   [77] btc-updown-15m-1780420500: FUTURE [YN] (starts 17:15:00, ends 17:30:00)
2026-06-01 18:11:32 | INFO    | bot.strategy |   [78] btc-updown-15m-1780421400: FUTURE [YN] (starts 17:30:00, ends 17:45:00)
2026-06-01 18:11:32 | INFO    | bot.strategy |   [79] btc-updown-15m-1780422300: FUTURE [YN] (starts 17:45:00, ends 18:00:00)
2026-06-01 18:11:32 | INFO    | bot.strategy |   [80] btc-updown-15m-1780423200: FUTURE [YN] (starts 18:00:00, ends 18:15:00)
2026-06-01 18:11:32 | INFO    | bot.strategy |   [81] btc-updown-15m-1780424100: FUTURE [YN] (starts 18:15:00, ends 18:30:00)
2026-06-01 18:11:32 | INFO    | bot.strategy |   [82] btc-updown-15m-1780425000: FUTURE [YN] (starts 18:30:00, ends 18:45:00)
2026-06-01 18:11:32 | INFO    | bot.strategy |   [83] btc-updown-15m-1780425900: FUTURE [YN] (starts 18:45:00, ends 19:00:00)
2026-06-01 18:11:32 | INFO    | bot.strategy |   [84] btc-updown-15m-1780426800: FUTURE [YN] (starts 19:00:00, ends 19:15:00)
2026-06-01 18:11:32 | INFO    | bot.strategy |   [85] btc-updown-15m-1780427700: FUTURE [YN] (starts 19:15:00, ends 19:30:00)
2026-06-01 18:11:32 | INFO    | bot.strategy |   [86] btc-updown-15m-1780428600: FUTURE [YN] (starts 19:30:00, ends 19:45:00)
2026-06-01 18:11:32 | INFO    | bot.strategy |   [87] btc-updown-15m-1780429500: FUTURE [YN] (starts 19:45:00, ends 20:00:00)
2026-06-01 18:11:32 | INFO    | bot.strategy |   [88] btc-updown-15m-1780430400: FUTURE [YN] (starts 20:00:00, ends 20:15:00)
2026-06-01 18:11:32 | INFO    | bot.strategy |   [89] btc-updown-15m-1780431300: FUTURE [YN] (starts 20:15:00, ends 20:30:00)
2026-06-01 18:11:32 | INFO    | bot.strategy |   [90] btc-updown-15m-1780432200: FUTURE [YN] (starts 20:30:00, ends 20:45:00)
2026-06-01 18:11:32 | INFO    | bot.strategy |   [91] btc-updown-15m-1780433100: FUTURE [YN] (starts 20:45:00, ends 21:00:00)
2026-06-01 18:11:32 | INFO    | bot.strategy |   [92] btc-updown-15m-1780434000: FUTURE [YN] (starts 21:00:00, ends 21:15:00)
2026-06-01 18:11:32 | INFO    | bot.strategy |   [93] btc-updown-15m-1780434900: FUTURE [YN] (starts 21:15:00, ends 21:30:00)
2026-06-01 18:11:32 | INFO    | bot.strategy |   [94] btc-updown-15m-1780435800: FUTURE [YN] (starts 21:30:00, ends 21:45:00)
2026-06-01 18:11:32 | INFO    | bot.strategy |   [95] btc-updown-15m-1780436700: FUTURE [YN] (starts 21:45:00, ends 22:00:00)
2026-06-01 18:11:32 | INFO    | bot.strategy |   [96] btc-updown-15m-1780437600: FUTURE [YN] (starts 22:00:00, ends 22:15:00)
2026-06-01 18:11:32 | INFO    | bot.strategy | ================================================================================
2026-06-01 18:11:32 | INFO    | bot.strategy | CURRENT MARKET: btc-updown-15m-1780351200 (index 0)
2026-06-01 18:11:32 | INFO    | bot.strategy |   Next switch at: 22:15:00
2026-06-01 18:11:32 | INFO    | bot.strategy |   Subscribed to: 0xb81fc7859fdad63cbcec145f147947357eeaef32a13c24928f0ce0c60889426d-87881672902134963281493987878504718147995949888633572263445582416216935317765.POLYMARKET
2026-06-01 18:11:32 | INFO    | bot.strategy | [heartbeat] btc-updown-15m-1780351200 | min 11.5/15 | TRADE WINDOW opens in 108s | no quotes yet | 0 ticks | open=0 pending=0
2026-06-01 18:11:32 | INFO    | core.strategy.processors.liquidation | Liquidation stream thread started
2026-06-01 18:11:32 | INFO    | core.strategy.processors.cvd_orderbook | CVD aggTrade stream thread started
2026-06-01 18:11:32 | INFO    | core.settlement.tracker | Settlement tracker thread started
2026-06-01 18:11:32 | INFO    | core.recording.signal_recorder | SignalRecorder outcome-resolution thread started
2026-06-01 18:11:32 | INFO    | bot.strategy | Liquidation stream started
2026-06-01 18:11:32 | INFO    | bot.strategy | CVD aggTrade stream started
2026-06-01 18:11:32 | INFO    | bot.strategy | Settlement tracker started
2026-06-01 18:11:32 | INFO    | bot.strategy | Signal recorder started
2026-06-01 18:11:32 | INFO    | bot.strategy | ML engine active: False (samples=9/200)
2026-06-01 18:11:32 | INFO    | bot.strategy | ================================================================================
2026-06-01 18:11:32 | INFO    | bot.strategy | Strategy active — trade window 800-890s into each 15-min market (minutes 13.3-14.8)
2026-06-01 18:11:32 | INFO    | bot.strategy | Price history: 20 points
2026-06-01 18:11:32 | INFO    | bot.strategy | READY TO TRADE
2026-06-01 18:11:32 | INFO    | bot.strategy | ================================================================================
2026-06-01 18:11:33 | INFO    | monitoring.metrics_exporter | Metrics server started on port 8000
2026-06-01 18:11:33 | INFO    | bot.strategy | Grafana metrics started on port 8000
2026-06-01 18:11:33 | DEBUG   | monitoring.metrics_exporter | Portfolio metrics updated
2026-06-01 18:11:33 | INFO    | core.strategy.processors.liquidation | Connected to Binance forceOrders stream
2026-06-01 18:11:33 | INFO    | core.strategy.processors.cvd_orderbook | Connected to Binance aggTrade stream
2026-06-01 18:11:34 | DEBUG   | monitoring.metrics_exporter | Portfolio metrics updated
2026-06-01 18:11:35 | DEBUG   | monitoring.metrics_exporter | Portfolio metrics updated
2026-06-01 18:11:36 | DEBUG   | monitoring.metrics_exporter | Portfolio metrics updated
2026-06-01 18:11:37 | DEBUG   | monitoring.metrics_exporter | Portfolio metrics updated
2026-06-01 18:11:38 | INFO    | bot.strategy | Market STABLE after 3 tick(s)
2026-06-01 18:11:38 | DEBUG   | monitoring.metrics_exporter | Portfolio metrics updated
2026-06-01 18:11:39 | DEBUG   | monitoring.metrics_exporter | Portfolio metrics updated
2026-06-01 18:11:40 | DEBUG   | monitoring.metrics_exporter | Portfolio metrics updated
2026-06-01 18:11:41 | DEBUG   | monitoring.metrics_exporter | Portfolio metrics updated
2026-06-01 18:11:42 | DEBUG   | monitoring.metrics_exporter | Portfolio metrics updated
2026-06-01 18:11:43 | DEBUG   | monitoring.metrics_exporter | Portfolio metrics updated
2026-06-01 18:11:44 | DEBUG   | monitoring.metrics_exporter | Portfolio metrics updated
2026-06-01 18:11:45 | DEBUG   | monitoring.metrics_exporter | Portfolio metrics updated
2026-06-01 18:11:46 | DEBUG   | monitoring.metrics_exporter | Portfolio metrics updated
2026-06-01 18:11:47 | DEBUG   | monitoring.metrics_exporter | Portfolio metrics updated
2026-06-01 18:11:48 | DEBUG   | monitoring.metrics_exporter | Portfolio metrics updated
2026-06-01 18:11:49 | DEBUG   | monitoring.metrics_exporter | Portfolio metrics updated
2026-06-01 18:11:50 | DEBUG   | monitoring.metrics_exporter | Portfolio metrics updated
2026-06-01 18:11:51 | DEBUG   | monitoring.metrics_exporter | Portfolio metrics updated
2026-06-01 18:11:52 | DEBUG   | monitoring.metrics_exporter | Portfolio metrics updated
2026-06-01 18:11:53 | DEBUG   | monitoring.metrics_exporter | Portfolio metrics updated
2026-06-01 18:11:54 | DEBUG   | monitoring.metrics_exporter | Portfolio metrics updated
2026-06-01 18:11:55 | DEBUG   | monitoring.metrics_exporter | Portfolio metrics updated
2026-06-01 18:11:56 | DEBUG   | monitoring.metrics_exporter | Portfolio metrics updated
2026-06-01 18:11:57 | DEBUG   | monitoring.metrics_exporter | Portfolio metrics updated
2026-06-01 18:11:58 | DEBUG   | monitoring.metrics_exporter | Portfolio metrics updated
2026-06-01 18:11:59 | DEBUG   | monitoring.metrics_exporter | Portfolio metrics updated
2026-06-01 18:12:00 | DEBUG   | monitoring.metrics_exporter | Portfolio metrics updated
2026-06-01 18:12:01 | DEBUG   | monitoring.metrics_exporter | Portfolio metrics updated
2026-06-01 18:12:02 | INFO    | bot.strategy | [heartbeat] btc-updown-15m-1780351200 | min 12.0/15 | TRADE WINDOW opens in 78s | bid=$0.0500 ask=$0.0600 mid=$0.0550 | 418 ticks (13.9/s) | open=0 pending=0
2026-06-01 18:12:02 | DEBUG   | monitoring.metrics_exporter | Portfolio metrics updated
2026-06-01 18:12:03 | DEBUG   | monitoring.metrics_exporter | Portfolio metrics updated
2026-06-01 18:12:04 | DEBUG   | monitoring.metrics_exporter | Portfolio metrics updated
2026-06-01 18:12:05 | DEBUG   | monitoring.metrics_exporter | Portfolio metrics updated
2026-06-01 18:12:06 | DEBUG   | monitoring.metrics_exporter | Portfolio metrics updated
2026-06-01 18:12:07 | DEBUG   | monitoring.metrics_exporter | Portfolio metrics updated
2026-06-01 18:12:08 | DEBUG   | monitoring.metrics_exporter | Portfolio metrics updated
2026-06-01 18:12:09 | DEBUG   | monitoring.metrics_exporter | Portfolio metrics updated
2026-06-01 18:12:10 | DEBUG   | monitoring.metrics_exporter | Portfolio metrics updated
2026-06-01 18:12:11 | DEBUG   | monitoring.metrics_exporter | Portfolio metrics updated
2026-06-01 18:12:13 | DEBUG   | monitoring.metrics_exporter | Portfolio metrics updated
2026-06-01 18:12:14 | DEBUG   | monitoring.metrics_exporter | Portfolio metrics updated
2026-06-01 18:12:15 | DEBUG   | monitoring.metrics_exporter | Portfolio metrics updated
2026-06-01 18:12:16 | DEBUG   | monitoring.metrics_exporter | Portfolio metrics updated
2026-06-01 18:12:17 | DEBUG   | monitoring.metrics_exporter | Portfolio metrics updated
2026-06-01 18:12:18 | DEBUG   | monitoring.metrics_exporter | Portfolio metrics updated
2026-06-01 18:12:19 | DEBUG   | monitoring.metrics_exporter | Portfolio metrics updated
2026-06-01 18:12:20 | DEBUG   | monitoring.metrics_exporter | Portfolio metrics updated
2026-06-01 18:12:21 | DEBUG   | monitoring.metrics_exporter | Portfolio metrics updated
2026-06-01 18:12:22 | DEBUG   | monitoring.metrics_exporter | Portfolio metrics updated
2026-06-01 18:12:23 | DEBUG   | monitoring.metrics_exporter | Portfolio metrics updated
2026-06-01 18:12:24 | DEBUG   | monitoring.metrics_exporter | Portfolio metrics updated
2026-06-01 18:12:25 | DEBUG   | monitoring.metrics_exporter | Portfolio metrics updated
2026-06-01 18:12:26 | DEBUG   | monitoring.metrics_exporter | Portfolio metrics updated
2026-06-01 18:12:27 | DEBUG   | monitoring.metrics_exporter | Portfolio metrics updated
2026-06-01 18:12:28 | DEBUG   | monitoring.metrics_exporter | Portfolio metrics updated
2026-06-01 18:12:29 | DEBUG   | monitoring.metrics_exporter | Portfolio metrics updated
2026-06-01 18:12:30 | DEBUG   | monitoring.metrics_exporter | Portfolio metrics updated
2026-06-01 18:12:31 | DEBUG   | monitoring.metrics_exporter | Portfolio metrics updated
2026-06-01 18:12:32 | DEBUG   | monitoring.metrics_exporter | Portfolio metrics updated
2026-06-01 18:12:32 | INFO    | bot.strategy | [heartbeat] btc-updown-15m-1780351200 | min 12.5/15 | TRADE WINDOW opens in 48s | bid=$0.1500 ask=$0.1600 mid=$0.1550 | 731 ticks (24.3/s) | open=0 pending=0
2026-06-01 18:12:33 | DEBUG   | monitoring.metrics_exporter | Portfolio metrics updated
2026-06-01 18:12:34 | DEBUG   | monitoring.metrics_exporter | Portfolio metrics updated
2026-06-01 18:12:35 | DEBUG   | monitoring.metrics_exporter | Portfolio metrics updated
2026-06-01 18:12:36 | DEBUG   | monitoring.metrics_exporter | Portfolio metrics updated
2026-06-01 18:12:37 | DEBUG   | monitoring.metrics_exporter | Portfolio metrics updated
2026-06-01 18:12:38 | DEBUG   | monitoring.metrics_exporter | Portfolio metrics updated
2026-06-01 18:12:39 | DEBUG   | monitoring.metrics_exporter | Portfolio metrics updated
2026-06-01 18:12:40 | DEBUG   | monitoring.metrics_exporter | Portfolio metrics updated
2026-06-01 18:12:41 | DEBUG   | monitoring.metrics_exporter | Portfolio metrics updated
2026-06-01 18:12:42 | DEBUG   | monitoring.metrics_exporter | Portfolio metrics updated
2026-06-01 18:12:43 | DEBUG   | monitoring.metrics_exporter | Portfolio metrics updated
2026-06-01 18:12:44 | DEBUG   | monitoring.metrics_exporter | Portfolio metrics updated
2026-06-01 18:12:45 | DEBUG   | monitoring.metrics_exporter | Portfolio metrics updated
2026-06-01 18:12:46 | DEBUG   | monitoring.metrics_exporter | Portfolio metrics updated
2026-06-01 18:12:47 | DEBUG   | monitoring.metrics_exporter | Portfolio metrics updated
2026-06-01 18:12:48 | DEBUG   | monitoring.metrics_exporter | Portfolio metrics updated
2026-06-01 18:12:49 | DEBUG   | monitoring.metrics_exporter | Portfolio metrics updated
2026-06-01 18:12:50 | DEBUG   | monitoring.metrics_exporter | Portfolio metrics updated
2026-06-01 18:12:51 | DEBUG   | monitoring.metrics_exporter | Portfolio metrics updated
2026-06-01 18:12:52 | DEBUG   | monitoring.metrics_exporter | Portfolio metrics updated
2026-06-01 18:12:53 | DEBUG   | monitoring.metrics_exporter | Portfolio metrics updated
2026-06-01 18:12:54 | DEBUG   | monitoring.metrics_exporter | Portfolio metrics updated
2026-06-01 18:12:55 | DEBUG   | monitoring.metrics_exporter | Portfolio metrics updated
2026-06-01 18:12:56 | DEBUG   | monitoring.metrics_exporter | Portfolio metrics updated
2026-06-01 18:12:57 | DEBUG   | monitoring.metrics_exporter | Portfolio metrics updated
2026-06-01 18:12:58 | DEBUG   | monitoring.metrics_exporter | Portfolio metrics updated
2026-06-01 18:12:59 | DEBUG   | monitoring.metrics_exporter | Portfolio metrics updated
2026-06-01 18:13:00 | DEBUG   | monitoring.metrics_exporter | Portfolio metrics updated
2026-06-01 18:13:01 | DEBUG   | monitoring.metrics_exporter | Portfolio metrics updated
2026-06-01 18:13:02 | INFO    | bot.strategy | [heartbeat] btc-updown-15m-1780351200 | min 13.0/15 | TRADE WINDOW opens in 18s | bid=$0.1000 ask=$0.1100 mid=$0.1050 | 848 ticks (28.2/s) | open=0 pending=0
2026-06-01 18:13:02 | DEBUG   | monitoring.metrics_exporter | Portfolio metrics updated
2026-06-01 18:13:03 | DEBUG   | monitoring.metrics_exporter | Portfolio metrics updated
2026-06-01 18:13:04 | DEBUG   | monitoring.metrics_exporter | Portfolio metrics updated
2026-06-01 18:13:05 | DEBUG   | monitoring.metrics_exporter | Portfolio metrics updated
2026-06-01 18:13:06 | DEBUG   | monitoring.metrics_exporter | Portfolio metrics updated
2026-06-01 18:13:07 | DEBUG   | monitoring.metrics_exporter | Portfolio metrics updated
2026-06-01 18:13:08 | DEBUG   | monitoring.metrics_exporter | Portfolio metrics updated
2026-06-01 18:13:09 | DEBUG   | monitoring.metrics_exporter | Portfolio metrics updated
2026-06-01 18:13:10 | DEBUG   | monitoring.metrics_exporter | Portfolio metrics updated
2026-06-01 18:13:11 | DEBUG   | monitoring.metrics_exporter | Portfolio metrics updated
2026-06-01 18:13:12 | DEBUG   | monitoring.metrics_exporter | Portfolio metrics updated
2026-06-01 18:13:13 | DEBUG   | monitoring.metrics_exporter | Portfolio metrics updated
2026-06-01 18:13:14 | DEBUG   | monitoring.metrics_exporter | Portfolio metrics updated
2026-06-01 18:13:15 | DEBUG   | monitoring.metrics_exporter | Portfolio metrics updated
2026-06-01 18:13:16 | DEBUG   | monitoring.metrics_exporter | Portfolio metrics updated
2026-06-01 18:13:17 | DEBUG   | monitoring.metrics_exporter | Portfolio metrics updated
2026-06-01 18:13:18 | DEBUG   | monitoring.metrics_exporter | Portfolio metrics updated
2026-06-01 18:13:19 | DEBUG   | monitoring.metrics_exporter | Portfolio metrics updated
2026-06-01 18:13:20 | INFO    | bot.strategy | ================================================================================
2026-06-01 18:13:20 | INFO    | bot.strategy | TRADE WINDOW: 2026-06-01 22:13:20 UTC
2026-06-01 18:13:20 | INFO    | bot.strategy |   Market:   btc-updown-15m-1780351200
2026-06-01 18:13:20 | INFO    | bot.strategy |   Sub-interval #0 (800.0s in = 13.3 min)
2026-06-01 18:13:20 | INFO    | bot.strategy |   Price: $0.0550 | Bid: $0.0500 | Ask: $0.0600
2026-06-01 18:13:20 | INFO    | bot.strategy |   Trend: STRONG
2026-06-01 18:13:20 | INFO    | bot.strategy | ================================================================================
2026-06-01 18:13:20 | WARNING | bot.strategy | ┌─[LIVE DECISION START | MODE]──────────────────────────────────────────
2026-06-01 18:13:20 | WARNING | bot.strategy | │  Mode                   *** LIVE TRADING ***
2026-06-01 18:13:20 | WARNING | bot.strategy | │  Poly price             0.0550
2026-06-01 18:13:20 | WARNING | bot.strategy | │  Price history          100 ticks
2026-06-01 18:13:20 | WARNING | bot.strategy | └────────────────────────────────────────────────────────────────────────
2026-06-01 18:13:20 | INFO    | bot.strategy | ┌─[LIVE FILTER | SPREAD — SKIP]─────────────────────────────────────────
2026-06-01 18:13:20 | INFO    | bot.strategy | │  Spread                 18.18%  >  max 5.00%
2026-06-01 18:13:20 | INFO    | bot.strategy | │  Bid/Ask                $0.0500 / $0.0600
2026-06-01 18:13:20 | INFO    | bot.strategy | │  Reason                 wide spread eats the edge
2026-06-01 18:13:20 | INFO    | bot.strategy | │  Retry in               15s
2026-06-01 18:13:20 | INFO    | bot.strategy | └────────────────────────────────────────────────────────────────────────
2026-06-01 18:13:20 | DEBUG   | monitoring.metrics_exporter | Portfolio metrics updated
2026-06-01 18:13:21 | DEBUG   | monitoring.metrics_exporter | Portfolio metrics updated
2026-06-01 18:13:22 | DEBUG   | monitoring.metrics_exporter | Portfolio metrics updated
2026-06-01 18:13:23 | DEBUG   | monitoring.metrics_exporter | Portfolio metrics updated
2026-06-01 18:13:24 | DEBUG   | monitoring.metrics_exporter | Portfolio metrics updated
2026-06-01 18:13:25 | DEBUG   | monitoring.metrics_exporter | Portfolio metrics updated
2026-06-01 18:13:26 | DEBUG   | monitoring.metrics_exporter | Portfolio metrics updated
2026-06-01 18:13:27 | DEBUG   | monitoring.metrics_exporter | Portfolio metrics updated
2026-06-01 18:13:28 | DEBUG   | monitoring.metrics_exporter | Portfolio metrics updated
2026-06-01 18:13:29 | DEBUG   | monitoring.metrics_exporter | Portfolio metrics updated
2026-06-01 18:13:30 | DEBUG   | monitoring.metrics_exporter | Portfolio metrics updated
2026-06-01 18:13:31 | DEBUG   | monitoring.metrics_exporter | Portfolio metrics updated
2026-06-01 18:13:32 | INFO    | bot.strategy | [heartbeat] btc-updown-15m-1780351200 | min 13.5/15 | TRADE WINDOW OPEN (78s left) | bid=$0.0500 ask=$0.0600 mid=$0.0550 | 619 ticks (20.6/s) | open=0 pending=0
2026-06-01 18:13:32 | DEBUG   | monitoring.metrics_exporter | Portfolio metrics updated
2026-06-01 18:13:33 | DEBUG   | monitoring.metrics_exporter | Portfolio metrics updated
2026-06-01 18:13:34 | DEBUG   | monitoring.metrics_exporter | Portfolio metrics updated
2026-06-01 18:13:35 | INFO    | bot.strategy | ================================================================================
2026-06-01 18:13:35 | INFO    | bot.strategy | TRADE WINDOW: 2026-06-01 22:13:35 UTC
2026-06-01 18:13:35 | INFO    | bot.strategy |   Market:   btc-updown-15m-1780351200
2026-06-01 18:13:35 | INFO    | bot.strategy |   Sub-interval #0 (815.1s in = 13.6 min)
2026-06-01 18:13:35 | INFO    | bot.strategy |   Price: $0.0635 | Bid: $0.0630 | Ask: $0.0640
2026-06-01 18:13:35 | INFO    | bot.strategy |   Trend: STRONG
2026-06-01 18:13:35 | INFO    | bot.strategy | ================================================================================
2026-06-01 18:13:35 | WARNING | bot.strategy | ┌─[LIVE DECISION START | MODE]──────────────────────────────────────────
2026-06-01 18:13:35 | WARNING | bot.strategy | │  Mode                   *** LIVE TRADING ***
2026-06-01 18:13:35 | WARNING | bot.strategy | │  Poly price             0.0635
2026-06-01 18:13:35 | WARNING | bot.strategy | │  Price history          100 ticks
2026-06-01 18:13:35 | WARNING | bot.strategy | └────────────────────────────────────────────────────────────────────────
2026-06-01 18:13:35 | INFO    | data_sources.news_social | Initialized News/Social data source
2026-06-01 18:13:35 | DEBUG   | monitoring.metrics_exporter | Portfolio metrics updated
2026-06-01 18:13:36 | INFO    | data_sources.news_social | Connected to News/Social APIs
2026-06-01 18:13:36 | DEBUG   | data_sources.news_social | Fear & Greed: 29 (Fear)
2026-06-01 18:13:36 | INFO    | bot.strategy | Fear & Greed: 29 (Fear)
2026-06-01 18:13:36 | INFO    | data_sources.coinbase | Initialized Coinbase data source for BTC-USD
2026-06-01 18:13:36 | DEBUG   | monitoring.metrics_exporter | Portfolio metrics updated
2026-06-01 18:13:37 | DEBUG   | monitoring.metrics_exporter | Portfolio metrics updated
2026-06-01 18:13:37 | INFO    | data_sources.coinbase | Connected to Coinbase API
2026-06-01 18:13:38 | DEBUG   | data_sources.coinbase | Coinbase BTC price: $70,881.96
2026-06-01 18:13:38 | INFO    | bot.strategy | Coinbase spot: $70,881.96
2026-06-01 18:13:38 | INFO    | bot.strategy | Market context — deviation=2.34%, momentum=0.00%, volatility=0.0009, sentiment=29, spot=$70881.96
2026-06-01 18:13:38 | DEBUG   | monitoring.metrics_exporter | Portfolio metrics updated
2026-06-01 18:13:39 | DEBUG   | monitoring.metrics_exporter | Portfolio metrics updated
2026-06-01 18:13:40 | DEBUG   | monitoring.metrics_exporter | Portfolio metrics updated
2026-06-01 18:13:41 | DEBUG   | monitoring.metrics_exporter | Portfolio metrics updated
2026-06-01 18:13:42 | INFO    | core.strategy.processors.ohlcv_momentum | OHLCV: RSI=44.3, MACD=-31.1/-45.6, %B=0.61, ATR=0.0322% [LOW]
2026-06-01 18:13:42 | INFO    | bot.strategy | Extended context — liq_imb=+0.000, cvd=$+0.7M, funding=0.01000%, vol_regime=LOW
2026-06-01 18:13:42 | DEBUG   | core.strategy.processors.spike | SpikeDetector: price=0.0635, MA=0.0522, deviation=+21.531%, velocity=+20.952%
2026-06-01 18:13:42 | INFO    | core.strategy.processors.spike | SPIKE MA deviation BEARISH: deviation=+21.531%, conf=78.59%
2026-06-01 18:13:42 | INFO    | core.strategy.processors.divergence | PriceDivergence: poly=0.064, spot_mom=+0.0000, spot=$70,881.96
2026-06-01 18:13:42 | INFO    | core.strategy.processors.divergence | BULLISH fade: poly Down too high (94%), conf=75.04%
2026-06-01 18:13:42 | DEBUG   | monitoring.metrics_exporter | Portfolio metrics updated
2026-06-01 18:13:43 | INFO    | core.strategy.processors.orderbook | OrderBook: bids=$83.0, asks=$9407.0, imbalance=-0.983
2026-06-01 18:13:43 | INFO    | core.strategy.processors.orderbook | OrderBook BEARISH: imbalance=-0.983, conf=90.00%
2026-06-01 18:13:43 | INFO    | core.strategy.processors.tick_velocity | TickVelocity BEARISH: vel=-33.158%, accel=+0.0000%, conf=82.00%
2026-06-01 18:13:43 | DEBUG   | monitoring.metrics_exporter | Portfolio metrics updated
2026-06-01 18:13:44 | INFO    | core.strategy.processors.deribit_pcr | Deribit: overall_PCR=0.627, short_PCR=1.068
2026-06-01 18:13:44 | INFO    | core.strategy.processors.liquidation | Liquidations (last 60s): long=$0.00M, short=$0.00M
2026-06-01 18:13:44 | DEBUG   | monitoring.metrics_exporter | Portfolio metrics updated
2026-06-01 18:13:45 | INFO    | core.strategy.processors.cvd_orderbook | CVD: delta=$+0.70M | OB imbalance=-0.656
2026-06-01 18:13:45 | INFO    | core.strategy.processors.cvd_orderbook | CVDOrderBook BEARISH: cvd=$+0.70M, ob=-0.656, conf=77.96%, source=ob_only
2026-06-01 18:13:45 | DEBUG   | monitoring.metrics_exporter | _apply_processor_metadata(TickVelocity) error: float() argument must be a string or a real number, not 'NoneType'
2026-06-01 18:13:45 | INFO    | core.strategy.fusion | Fused 6 signals → bearish (score=90.5, conf=76.4%)
2026-06-01 18:13:45 | INFO    | bot.strategy | ┌─[LIVE STEP 1 | SIGNALS + FUSION]──────────────────────────────────────
2026-06-01 18:13:45 | INFO    | bot.strategy | │  Signals fired          6  (2 bullish / 4 bearish)
2026-06-01 18:13:45 | INFO    | bot.strategy | │    SpikeDetection       BEARISH   conf=78.59%  score=89.3
2026-06-01 18:13:45 | INFO    | bot.strategy | │    SentimentAnalysis    BULLISH   conf=55.00%  score=40.0
2026-06-01 18:13:45 | INFO    | bot.strategy | │    PriceDivergence      BULLISH   conf=75.04%  score=75.0
2026-06-01 18:13:45 | INFO    | bot.strategy | │    OrderBookImbalance   BEARISH   conf=90.00%  score=95.0
2026-06-01 18:13:45 | INFO    | bot.strategy | │    TickVelocity         BEARISH   conf=82.00%  score=91.0
2026-06-01 18:13:45 | INFO    | bot.strategy | │    CVDOrderBook         BEARISH   conf=77.96%  score=64.0
2026-06-01 18:13:45 | INFO    | bot.strategy | │  
2026-06-01 18:13:45 | INFO    | bot.strategy | │  Fused result           ▼ BEARISH  score=90.5  conf=76.43%
2026-06-01 18:13:45 | INFO    | bot.strategy | └────────────────────────────────────────────────────────────────────────
2026-06-01 18:13:45 | INFO    | bot.strategy | ┌─[LIVE STEP 2 | ML MODEL]──────────────────────────────────────────────
2026-06-01 18:13:45 | INFO    | bot.strategy | │  Status                 WARMING UP  (9/200 samples needed)
2026-06-01 18:13:45 | INFO    | bot.strategy | │  p(UP)                  N/A — falling back to fusion direction
2026-06-01 18:13:45 | INFO    | bot.strategy | └────────────────────────────────────────────────────────────────────────
2026-06-01 18:13:45 | INFO    | core.strategy.fusion | Fused 6 signals → bearish (score=90.5, conf=76.4%)
2026-06-01 18:13:45 | WARNING | bot.strategy | ┌─[LIVE STEP 4 | FALLBACK — FUSION BET]─────────────────────────────────
2026-06-01 18:13:45 | WARNING | bot.strategy | │  Fusion                 ▼ BEARISH  score=90.5  conf=76.43%
2026-06-01 18:13:45 | WARNING | bot.strategy | │  Poly price             0.0635
2026-06-01 18:13:45 | WARNING | bot.strategy | │  Direction              ▼ SHORT (NO)
2026-06-01 18:13:45 | WARNING | bot.strategy | └────────────────────────────────────────────────────────────────────────
2026-06-01 18:13:45 | INFO    | bot.strategy | │  STEP 5 setup — feature vector saved, trade_id=29
2026-06-01 18:13:45 | DEBUG   | bot.strategy | PerformanceTracker: no order-counter method for 'placed'
2026-06-01 18:13:45 | WARNING | bot.strategy | ┌─[LIVE STEP 6 | [LIVE] ORDER PLACED — ▼ BUY NO (DOWN)  $1.00]──────────
2026-06-01 18:13:45 | WARNING | bot.strategy | │  Order ID               BTC-15M-0100-1780352025596
2026-06-01 18:13:45 | WARNING | bot.strategy | │  Market                 btc-updown-15m-1780351200
2026-06-01 18:13:45 | WARNING | bot.strategy | │  Token                  0xb81fc7859fdad63cbcec145f147947357eeaef32a13c24928f0ce0c60889426d-72328901624599289356510303540814635340208966075776497531313904644926169141208.POLYMARKET
2026-06-01 18:13:45 | WARNING | bot.strategy | │  
2026-06-01 18:13:45 | WARNING | bot.strategy | │  Side                   BUY  (NO (DOWN))
2026-06-01 18:13:45 | WARNING | bot.strategy | │  Notional               $1.00 USD  (IOC)
2026-06-01 18:13:45 | WARNING | bot.strategy | │  Ref price              $0.0635
2026-06-01 18:13:45 | WARNING | bot.strategy | │  Quote                  bid=$0.0400  ask=$0.0490  mid=$0.0445
2026-06-01 18:13:45 | WARNING | bot.strategy | │  Mkt close              +1.2 min
2026-06-01 18:13:45 | WARNING | bot.strategy | │  
2026-06-01 18:13:45 | WARNING | bot.strategy | │  Signal                 BEARISH  score=90.5  conf=76.4%  n=6
2026-06-01 18:13:45 | WARNING | bot.strategy | │  Sources                (fallback)
2026-06-01 18:13:45 | WARNING | bot.strategy | │  ML engine              inactive
2026-06-01 18:13:45 | WARNING | bot.strategy | │  Risk                   SL=DISABLED  TP=+40%  exit_cutoff=30s
2026-06-01 18:13:45 | WARNING | bot.strategy | │  
2026-06-01 18:13:45 | WARNING | bot.strategy | │  Session                trades=0  pnl=$+0.0000  open=0
2026-06-01 18:13:45 | WARNING | bot.strategy | └────────────────────────────────────────────────────────────────────────
2026-06-01 18:13:45 | DEBUG   | monitoring.metrics_exporter | Portfolio metrics updated
2026-06-01 18:13:46 | DEBUG   | monitoring.metrics_exporter | Portfolio metrics updated
2026-06-01 18:13:47 | INFO    | core.settlement.tracker | SettlementTracker: registered trade 29 (btc-updown-15m-1780351200) — entry BTC=$71035.93
2026-06-01 18:13:47 | INFO    | bot.strategy | │  STEP 5 — Settlement tracker registered  trade_id=29  closes 22:15:00 UTC
2026-06-01 18:13:47 | DEBUG   | monitoring.metrics_exporter | Portfolio metrics updated
2026-06-01 18:13:47 | SUCCESS | bot.strategy | 
2026-06-01 18:13:47 | SUCCESS | bot.strategy | ################################################################################
2026-06-01 18:13:47 | SUCCESS | bot.strategy | ### >>> ORDER FILLED: BUY  qty=1.0204  @ $0.9800  = $1.0000
2026-06-01 18:13:47 | SUCCESS | bot.strategy | #------------------------------------------------------------------------------#
2026-06-01 18:13:47 | SUCCESS | bot.strategy | #  Order ID  BTC-15M-0100-1780352025596
2026-06-01 18:13:47 | SUCCESS | bot.strategy | #  Fill px   $0.9800
2026-06-01 18:13:47 | SUCCESS | bot.strategy | #  Fill qty  1.020400 tokens
2026-06-01 18:13:47 | SUCCESS | bot.strategy | #  Notional  $1.0000
2026-06-01 18:13:47 | SUCCESS | bot.strategy | #  Slippage  +144330.7 bps  (ref=$0.0635)
2026-06-01 18:13:47 | SUCCESS | bot.strategy | #  Latency   2.39s  (submit → fill)
2026-06-01 18:13:47 | SUCCESS | bot.strategy | ################################################################################
2026-06-01 18:13:47 | SUCCESS | bot.strategy | 
2026-06-01 18:13:47 | DEBUG   | bot.strategy | PerformanceTracker: no order-counter method for 'filled'
2026-06-01 18:13:47 | INFO    | execution.risk_engine | Added position: BTC-15M-0100-1780352025596 ($1.00 @ $0.98)
2026-06-01 18:13:47 | SUCCESS | bot.strategy | 
2026-06-01 18:13:47 | SUCCESS | bot.strategy | ################################################################################
2026-06-01 18:13:47 | SUCCESS | bot.strategy | ### >>> POSITION OPEN: NO (DOWN)  qty=1.0204  @ $0.9800
2026-06-01 18:13:47 | SUCCESS | bot.strategy | #------------------------------------------------------------------------------#
2026-06-01 18:13:47 | SUCCESS | bot.strategy | #  Entry ID   BTC-15M-0100-1780352025596
2026-06-01 18:13:47 | SUCCESS | bot.strategy | #  Market     btc-updown-15m-1780351200
2026-06-01 18:13:47 | SUCCESS | bot.strategy | #  Direction  SHORT
2026-06-01 18:13:48 | SUCCESS | bot.strategy | #  Entry px   $0.9800
2026-06-01 18:13:48 | SUCCESS | bot.strategy | #  Qty        1.020400 tokens
2026-06-01 18:13:48 | SUCCESS | bot.strategy | #  Notional   $1.00
2026-06-01 18:13:48 | SUCCESS | bot.strategy | #
2026-06-01 18:13:48 | SUCCESS | bot.strategy | #  Stop-loss  DISABLED  (rides to TP or settlement)
2026-06-01 18:13:48 | SUCCESS | bot.strategy | #  Take-prof  $0.9900  (+40% of upside, $0.0100 above entry)
2026-06-01 18:13:48 | SUCCESS | bot.strategy | #  Mkt close  +1.2 min
2026-06-01 18:13:48 | SUCCESS | bot.strategy | #  Signal     score=90.5  conf=76.4%
2026-06-01 18:13:48 | SUCCESS | bot.strategy | ################################################################################
2026-06-01 18:13:48 | SUCCESS | bot.strategy | 
2026-06-01 18:13:48 | DEBUG   | monitoring.metrics_exporter | Portfolio metrics updated
2026-06-01 18:13:49 | DEBUG   | monitoring.metrics_exporter | Portfolio metrics updated
2026-06-01 18:13:50 | DEBUG   | monitoring.metrics_exporter | Portfolio metrics updated
2026-06-01 18:13:51 | DEBUG   | monitoring.metrics_exporter | Portfolio metrics updated
2026-06-01 18:13:52 | DEBUG   | monitoring.metrics_exporter | Portfolio metrics updated
2026-06-01 18:13:53 | DEBUG   | monitoring.metrics_exporter | Portfolio metrics updated
2026-06-01 18:13:54 | DEBUG   | monitoring.metrics_exporter | Portfolio metrics updated
2026-06-01 18:13:55 | DEBUG   | monitoring.metrics_exporter | Portfolio metrics updated
2026-06-01 18:13:56 | DEBUG   | monitoring.metrics_exporter | Portfolio metrics updated
2026-06-01 18:13:57 | WARNING | bot.strategy | TAKE-PROFIT TRIGGERED for NO (DOWN) (entry=$0.9800 bid=$0.9900 stop=$0.0000 tp=$0.9900)
2026-06-01 18:13:57 | WARNING | bot.strategy | 
2026-06-01 18:13:57 | WARNING | bot.strategy | ################################################################################
2026-06-01 18:13:57 | WARNING | bot.strategy | ### >>> EXIT ORDER: SELL  TAKE-PROFIT  qty=1.0204  unrealised=$+0.0102
2026-06-01 18:13:57 | WARNING | bot.strategy | #------------------------------------------------------------------------------#
2026-06-01 18:13:57 | WARNING | bot.strategy | #  Entry ID    BTC-15M-0100-1780352025596
2026-06-01 18:13:57 | WARNING | bot.strategy | #  Exit ID     EXIT-025596-1780352037784
2026-06-01 18:13:57 | WARNING | bot.strategy | #  Market      btc-updown-15m-1780351200
2026-06-01 18:13:57 | WARNING | bot.strategy | #  Direction   SHORT
2026-06-01 18:13:57 | WARNING | bot.strategy | #  Token       0xb81fc7859fdad63cbcec145f147947357eeaef32a13c24928f0ce0c60889426d-72328901624599289356510303540814635340208966075776497531313904644926169141208.POLYMARKET
2026-06-01 18:13:57 | WARNING | bot.strategy | #
2026-06-01 18:13:57 | WARNING | bot.strategy | #  Entry px    $0.9800
2026-06-01 18:13:57 | WARNING | bot.strategy | #  Last bid    $0.9900
2026-06-01 18:13:57 | WARNING | bot.strategy | #  Stop-loss   $0.0000
2026-06-01 18:13:57 | WARNING | bot.strategy | #  Take-prof   $0.9900
2026-06-01 18:13:57 | WARNING | bot.strategy | #  Qty         1.020400 tokens
2026-06-01 18:13:57 | WARNING | bot.strategy | #  Notional    $1.00
2026-06-01 18:13:57 | WARNING | bot.strategy | #
2026-06-01 18:13:57 | WARNING | bot.strategy | #  Reason      TAKE-PROFIT
2026-06-01 18:13:57 | WARNING | bot.strategy | #  Held        10s
2026-06-01 18:13:57 | WARNING | bot.strategy | #  Unrealised  $+0.0102
2026-06-01 18:13:57 | WARNING | bot.strategy | ################################################################################
2026-06-01 18:13:57 | WARNING | bot.strategy | 
2026-06-01 18:13:57 | DEBUG   | bot.strategy | PerformanceTracker: no order-counter method for 'placed'
2026-06-01 18:13:57 | DEBUG   | monitoring.metrics_exporter | Portfolio metrics updated
2026-06-01 18:13:58 | INFO    | bot.strategy | 
2026-06-01 18:13:58 | INFO    | bot.strategy | ################################################################################
2026-06-01 18:13:58 | INFO    | bot.strategy | ### >>> EXIT FILLED: SELL  qty=1.0200  @ $0.9800  = $0.9996
2026-06-01 18:13:58 | INFO    | bot.strategy | #------------------------------------------------------------------------------#
2026-06-01 18:13:58 | INFO    | bot.strategy | #  Order ID  EXIT-025596-1780352037784
2026-06-01 18:13:58 | INFO    | bot.strategy | #  Fill px   $0.9800
2026-06-01 18:13:58 | INFO    | bot.strategy | #  Fill qty  1.020000 tokens
2026-06-01 18:13:58 | INFO    | bot.strategy | #  Notional  $0.9996
2026-06-01 18:13:58 | INFO    | bot.strategy | #  Slippage  n/a
2026-06-01 18:13:58 | INFO    | bot.strategy | #  Latency   n/a  (submit → fill)
2026-06-01 18:13:58 | INFO    | bot.strategy | ################################################################################
2026-06-01 18:13:58 | INFO    | bot.strategy | 
2026-06-01 18:13:58 | DEBUG   | bot.strategy | PerformanceTracker: no order-counter method for 'filled'
2026-06-01 18:13:58 | INFO    | execution.risk_engine | Closed position: BTC-15M-0100-1780352025596 P&L: $+0.00 (+0.00%)
2026-06-01 18:13:58 | INFO    | monitoring.performance_tracker | Recorded trade: BTC-15M-0100-1780352025596 SHORT P&L=$+0.00 (+0.00%)
2026-06-01 18:13:58 | WARNING | bot.strategy | 
2026-06-01 18:13:58 | WARNING | bot.strategy | ################################################################################
2026-06-01 18:13:58 | WARNING | bot.strategy | ### >>> TRADE CLOSED #1: BREAKEVEN  (MANUAL EXIT)  P&L $+0.0000  (+0.00%)
2026-06-01 18:13:58 | WARNING | bot.strategy | #------------------------------------------------------------------------------#
2026-06-01 18:13:58 | WARNING | bot.strategy | #  Trade ID   BTC-15M-0100-1780352025596
2026-06-01 18:13:58 | WARNING | bot.strategy | #  Market     btc-updown-15m-1780351200
2026-06-01 18:13:58 | WARNING | bot.strategy | #  Direction  SHORT
2026-06-01 18:13:58 | WARNING | bot.strategy | #  Exit code  MANUAL EXIT
2026-06-01 18:13:58 | WARNING | bot.strategy | #
2026-06-01 18:13:58 | WARNING | bot.strategy | #  Entry px   $0.9800
2026-06-01 18:13:58 | WARNING | bot.strategy | #  Exit px    $0.9800
2026-06-01 18:13:58 | WARNING | bot.strategy | #  Qty        1.020400 tokens
2026-06-01 18:13:58 | WARNING | bot.strategy | #  Notional   $1.00
2026-06-01 18:13:58 | WARNING | bot.strategy | #  Hold       11s
2026-06-01 18:13:58 | WARNING | bot.strategy | #
2026-06-01 18:13:58 | WARNING | bot.strategy | #  P&L        $+0.0000  (+0.00%)
2026-06-01 18:13:58 | WARNING | bot.strategy | #  Session    0W/0L  (winrate 0.0%)  cum=$+0.0000  open=0
2026-06-01 18:13:58 | WARNING | bot.strategy | #  Capital    $1000.0000
2026-06-01 18:13:58 | WARNING | bot.strategy | ################################################################################
2026-06-01 18:13:58 | WARNING | bot.strategy | 
2026-06-01 18:13:58 | ERROR   | monitoring.metrics_exporter | Error updating portfolio metrics: can't compare offset-naive and offset-aware datetimes
2026-06-01 18:13:59 | ERROR   | monitoring.metrics_exporter | Error updating portfolio metrics: can't compare offset-naive and offset-aware datetimes
2026-06-01 18:14:00 | ERROR   | monitoring.metrics_exporter | Error updating portfolio metrics: can't compare offset-naive and offset-aware datetimes
2026-06-01 18:14:01 | ERROR   | monitoring.metrics_exporter | Error updating portfolio metrics: can't compare offset-naive and offset-aware datetimes
2026-06-01 18:14:02 | INFO    | bot.strategy | [heartbeat] btc-updown-15m-1780351200 | min 14.0/15 | TRADE WINDOW OPEN (48s left) | bid=$0.0200 ask=$0.0220 mid=$0.0210 | 541 ticks (18.0/s) | open=0 pending=0
2026-06-01 18:14:02 | ERROR   | monitoring.metrics_exporter | Error updating portfolio metrics: can't compare offset-naive and offset-aware datetimes
2026-06-01 18:14:03 | ERROR   | monitoring.metrics_exporter | Error updating portfolio metrics: can't compare offset-naive and offset-aware datetimes
2026-06-01 18:14:04 | ERROR   | monitoring.metrics_exporter | Error updating portfolio metrics: can't compare offset-naive and offset-aware datetimes
2026-06-01 18:14:05 | ERROR   | monitoring.metrics_exporter | Error updating portfolio metrics: can't compare offset-naive and offset-aware datetimes
2026-06-01 18:14:06 | ERROR   | monitoring.metrics_exporter | Error updating portfolio metrics: can't compare offset-naive and offset-aware datetimes
2026-06-01 18:14:07 | ERROR   | monitoring.metrics_exporter | Error updating portfolio metrics: can't compare offset-naive and offset-aware datetimes
2026-06-01 18:14:08 | ERROR   | monitoring.metrics_exporter | Error updating portfolio metrics: can't compare offset-naive and offset-aware datetimes
2026-06-01 18:14:09 | ERROR   | monitoring.metrics_exporter | Error updating portfolio metrics: can't compare offset-naive and offset-aware datetimes
2026-06-01 18:14:10 | ERROR   | monitoring.metrics_exporter | Error updating portfolio metrics: can't compare offset-naive and offset-aware datetimes
2026-06-01 18:14:11 | ERROR   | monitoring.metrics_exporter | Error updating portfolio metrics: can't compare offset-naive and offset-aware datetimes
2026-06-01 18:14:12 | ERROR   | monitoring.metrics_exporter | Error updating portfolio metrics: can't compare offset-naive and offset-aware datetimes
2026-06-01 18:14:13 | ERROR   | monitoring.metrics_exporter | Error updating portfolio metrics: can't compare offset-naive and offset-aware datetimes
2026-06-01 18:14:14 | ERROR   | monitoring.metrics_exporter | Error updating portfolio metrics: can't compare offset-naive and offset-aware datetimes
2026-06-01 18:14:16 | ERROR   | monitoring.metrics_exporter | Error updating portfolio metrics: can't compare offset-naive and offset-aware datetimes
2026-06-01 18:14:17 | ERROR   | monitoring.metrics_exporter | Error updating portfolio metrics: can't compare offset-naive and offset-aware datetimes
2026-06-01 18:14:18 | ERROR   | monitoring.metrics_exporter | Error updating portfolio metrics: can't compare offset-naive and offset-aware datetimes
2026-06-01 18:14:19 | ERROR   | monitoring.metrics_exporter | Error updating portfolio metrics: can't compare offset-naive and offset-aware datetimes
2026-06-01 18:14:20 | ERROR   | monitoring.metrics_exporter | Error updating portfolio metrics: can't compare offset-naive and offset-aware datetimes
2026-06-01 18:14:21 | ERROR   | monitoring.metrics_exporter | Error updating portfolio metrics: can't compare offset-naive and offset-aware datetimes
2026-06-01 18:14:22 | ERROR   | monitoring.metrics_exporter | Error updating portfolio metrics: can't compare offset-naive and offset-aware datetimes
2026-06-01 18:14:23 | ERROR   | monitoring.metrics_exporter | Error updating portfolio metrics: can't compare offset-naive and offset-aware datetimes
2026-06-01 18:14:24 | ERROR   | monitoring.metrics_exporter | Error updating portfolio metrics: can't compare offset-naive and offset-aware datetimes
2026-06-01 18:14:25 | ERROR   | monitoring.metrics_exporter | Error updating portfolio metrics: can't compare offset-naive and offset-aware datetimes
2026-06-01 18:14:26 | ERROR   | monitoring.metrics_exporter | Error updating portfolio metrics: can't compare offset-naive and offset-aware datetimes
2026-06-01 18:14:27 | ERROR   | monitoring.metrics_exporter | Error updating portfolio metrics: can't compare offset-naive and offset-aware datetimes
2026-06-01 18:14:28 | ERROR   | monitoring.metrics_exporter | Error updating portfolio metrics: can't compare offset-naive and offset-aware datetimes
2026-06-01 18:14:29 | ERROR   | monitoring.metrics_exporter | Error updating portfolio metrics: can't compare offset-naive and offset-aware datetimes
2026-06-01 18:14:30 | ERROR   | monitoring.metrics_exporter | Error updating portfolio metrics: can't compare offset-naive and offset-aware datetimes
2026-06-01 18:14:31 | ERROR   | monitoring.metrics_exporter | Error updating portfolio metrics: can't compare offset-naive and offset-aware datetimes
2026-06-01 18:14:32 | ERROR   | monitoring.metrics_exporter | Error updating portfolio metrics: can't compare offset-naive and offset-aware datetimes
2026-06-01 18:14:32 | INFO    | bot.strategy | [heartbeat] btc-updown-15m-1780351200 | min 14.5/15 | TRADE WINDOW OPEN (18s left) | bid=$0.0100 ask=$0.0150 mid=$0.0125 | 455 ticks (15.2/s) | open=0 pending=0
2026-06-01 18:14:33 | ERROR   | monitoring.metrics_exporter | Error updating portfolio metrics: can't compare offset-naive and offset-aware datetimes
2026-06-01 18:14:34 | ERROR   | monitoring.metrics_exporter | Error updating portfolio metrics: can't compare offset-naive and offset-aware datetimes
2026-06-01 18:14:35 | ERROR   | monitoring.metrics_exporter | Error updating portfolio metrics: can't compare offset-naive and offset-aware datetimes
2026-06-01 18:14:36 | ERROR   | monitoring.metrics_exporter | Error updating portfolio metrics: can't compare offset-naive and offset-aware datetimes
2026-06-01 18:14:37 | ERROR   | monitoring.metrics_exporter | Error updating portfolio metrics: can't compare offset-naive and offset-aware datetimes
2026-06-01 18:14:38 | ERROR   | monitoring.metrics_exporter | Error updating portfolio metrics: can't compare offset-naive and offset-aware datetimes
2026-06-01 18:14:39 | ERROR   | monitoring.metrics_exporter | Error updating portfolio metrics: can't compare offset-naive and offset-aware datetimes
2026-06-01 18:14:40 | ERROR   | monitoring.metrics_exporter | Error updating portfolio metrics: can't compare offset-naive and offset-aware datetimes
2026-06-01 18:14:41 | ERROR   | monitoring.metrics_exporter | Error updating portfolio metrics: can't compare offset-naive and offset-aware datetimes
2026-06-01 18:14:42 | ERROR   | monitoring.metrics_exporter | Error updating portfolio metrics: can't compare offset-naive and offset-aware datetimes
2026-06-01 18:14:43 | ERROR   | monitoring.metrics_exporter | Error updating portfolio metrics: can't compare offset-naive and offset-aware datetimes
2026-06-01 18:14:44 | ERROR   | monitoring.metrics_exporter | Error updating portfolio metrics: can't compare offset-naive and offset-aware datetimes
2026-06-01 18:14:45 | ERROR   | monitoring.metrics_exporter | Error updating portfolio metrics: can't compare offset-naive and offset-aware datetimes
2026-06-01 18:14:46 | ERROR   | monitoring.metrics_exporter | Error updating portfolio metrics: can't compare offset-naive and offset-aware datetimes
2026-06-01 18:14:47 | ERROR   | monitoring.metrics_exporter | Error updating portfolio metrics: can't compare offset-naive and offset-aware datetimes
2026-06-01 18:14:48 | ERROR   | monitoring.metrics_exporter | Error updating portfolio metrics: can't compare offset-naive and offset-aware datetimes
2026-06-01 18:14:49 | ERROR   | monitoring.metrics_exporter | Error updating portfolio metrics: can't compare offset-naive and offset-aware datetimes
2026-06-01 18:14:50 | ERROR   | monitoring.metrics_exporter | Error updating portfolio metrics: can't compare offset-naive and offset-aware datetimes
2026-06-01 18:14:51 | ERROR   | monitoring.metrics_exporter | Error updating portfolio metrics: can't compare offset-naive and offset-aware datetimes
